This is pdfTeX, Version 3.14159265-2.6-1.40.20 (TeX Live 2019/Debian) (preloaded format=pdflatex 2021.1.24)  2 JUL 2021 12:03
entering extended mode
 restricted \write18 enabled.
 %&-line parsing enabled.
**GPU_projekt.tex
(./GPU_projekt.tex
LaTeX2e <2020-02-02> patch level 2
L3 programming layer <2020-02-14>
(/usr/share/texlive/texmf-dist/tex/latex/base/article.cls
Document Class: article 2019/12/20 v1.4l Standard LaTeX document class
(/usr/share/texlive/texmf-dist/tex/latex/base/size10.clo
File: size10.clo 2019/12/20 v1.4l Standard LaTeX file (size option)
)
\c@part=\count167
\c@section=\count168
\c@subsection=\count169
\c@subsubsection=\count170
\c@paragraph=\count171
\c@subparagraph=\count172
\c@figure=\count173
\c@table=\count174
\abovecaptionskip=\skip47
\belowcaptionskip=\skip48
\bibindent=\dimen134
)
(/usr/share/texlive/texmf-dist/tex/latex/base/inputenc.sty
Package: inputenc 2018/08/11 v1.3c Input encoding file
\inpenc@prehook=\toks14
\inpenc@posthook=\toks15
)
(/usr/share/texlive/texmf-dist/tex/latex/base/fontenc.sty
Package: fontenc 2020/02/11 v2.0o Standard LaTeX package
)
(/usr/share/texlive/texmf-dist/tex/latex/amsmath/amsmath.sty
Package: amsmath 2020/01/20 v2.17e AMS math features
\@mathmargin=\skip49

For additional information on amsmath, use the `?' option.
(/usr/share/texlive/texmf-dist/tex/latex/amsmath/amstext.sty
Package: amstext 2000/06/29 v2.01 AMS text

(/usr/share/texlive/texmf-dist/tex/latex/amsmath/amsgen.sty
File: amsgen.sty 1999/11/30 v2.0 generic functions
\@emptytoks=\toks16
\ex@=\dimen135
))
(/usr/share/texlive/texmf-dist/tex/latex/amsmath/amsbsy.sty
Package: amsbsy 1999/11/29 v1.2d Bold Symbols
\pmbraise@=\dimen136
)
(/usr/share/texlive/texmf-dist/tex/latex/amsmath/amsopn.sty
Package: amsopn 2016/03/08 v2.02 operator names
)
\inf@bad=\count175
LaTeX Info: Redefining \frac on input line 227.
\uproot@=\count176
\leftroot@=\count177
LaTeX Info: Redefining \overline on input line 389.
\classnum@=\count178
\DOTSCASE@=\count179
LaTeX Info: Redefining \ldots on input line 486.
LaTeX Info: Redefining \dots on input line 489.
LaTeX Info: Redefining \cdots on input line 610.
\Mathstrutbox@=\box45
\strutbox@=\box46
\big@size=\dimen137
LaTeX Font Info:    Redeclaring font encoding OML on input line 733.
LaTeX Font Info:    Redeclaring font encoding OMS on input line 734.
\macc@depth=\count180
\c@MaxMatrixCols=\count181
\dotsspace@=\muskip16
\c@parentequation=\count182
\dspbrk@lvl=\count183
\tag@help=\toks17
\row@=\count184
\column@=\count185
\maxfields@=\count186
\andhelp@=\toks18
\eqnshift@=\dimen138
\alignsep@=\dimen139
\tagshift@=\dimen140
\tagwidth@=\dimen141
\totwidth@=\dimen142
\lineht@=\dimen143
\@envbody=\toks19
\multlinegap=\skip50
\multlinetaggap=\skip51
\mathdisplay@stack=\toks20
LaTeX Info: Redefining \[ on input line 2859.
LaTeX Info: Redefining \] on input line 2860.
)
(/usr/share/texlive/texmf-dist/tex/latex/amsfonts/amsfonts.sty
Package: amsfonts 2013/01/14 v3.01 Basic AMSFonts support
\symAMSa=\mathgroup4
\symAMSb=\mathgroup5
LaTeX Font Info:    Redeclaring math symbol \hbar on input line 98.
LaTeX Font Info:    Overwriting math alphabet `\mathfrak' in version `bold'
(Font)                  U/euf/m/n --> U/euf/b/n on input line 106.
)
(/usr/share/texlive/texmf-dist/tex/latex/amsfonts/amssymb.sty
Package: amssymb 2013/01/14 v3.01 AMS font symbols
)
(/usr/share/texlive/texmf-dist/tex/latex/graphics/graphicx.sty
Package: graphicx 2019/11/30 v1.2a Enhanced LaTeX Graphics (DPC,SPQR)

(/usr/share/texlive/texmf-dist/tex/latex/graphics/keyval.sty
Package: keyval 2014/10/28 v1.15 key=value parser (DPC)
\KV@toks@=\toks21
)
(/usr/share/texlive/texmf-dist/tex/latex/graphics/graphics.sty
Package: graphics 2019/11/30 v1.4a Standard LaTeX Graphics (DPC,SPQR)

(/usr/share/texlive/texmf-dist/tex/latex/graphics/trig.sty
Package: trig 2016/01/03 v1.10 sin cos tan (DPC)
)
(/usr/share/texlive/texmf-dist/tex/latex/graphics-cfg/graphics.cfg
File: graphics.cfg 2016/06/04 v1.11 sample graphics configuration
)
Package graphics Info: Driver file: pdftex.def on input line 105.

(/usr/share/texlive/texmf-dist/tex/latex/graphics-def/pdftex.def
File: pdftex.def 2018/01/08 v1.0l Graphics/color driver for pdftex
))
\Gin@req@height=\dimen144
\Gin@req@width=\dimen145
)
(/usr/share/texlive/texmf-dist/tex/latex/listings/listings.sty
\lst@mode=\count187
\lst@gtempboxa=\box47
\lst@token=\toks22
\lst@length=\count188
\lst@currlwidth=\dimen146
\lst@column=\count189
\lst@pos=\count190
\lst@lostspace=\dimen147
\lst@width=\dimen148
\lst@newlines=\count191
\lst@lineno=\count192
\lst@maxwidth=\dimen149

(/usr/share/texlive/texmf-dist/tex/latex/listings/lstmisc.sty
File: lstmisc.sty 2019/09/10 1.8c (Carsten Heinz)
\c@lstnumber=\count193
\lst@skipnumbers=\count194
\lst@framebox=\box48
)
(/usr/share/texlive/texmf-dist/tex/latex/listings/listings.cfg
File: listings.cfg 2019/09/10 1.8c listings configuration
))
Package: listings 2019/09/10 1.8c (Carsten Heinz)

(/usr/share/texlive/texmf-dist/tex/latex/xcolor/xcolor.sty
Package: xcolor 2016/05/11 v2.12 LaTeX color extensions (UK)

(/usr/share/texlive/texmf-dist/tex/latex/graphics-cfg/color.cfg
File: color.cfg 2016/01/02 v1.6 sample color configuration
)
Package xcolor Info: Driver file: pdftex.def on input line 225.
Package xcolor Info: Model `cmy' substituted by `cmy0' on input line 1348.
Package xcolor Info: Model `hsb' substituted by `rgb' on input line 1352.
Package xcolor Info: Model `RGB' extended on input line 1364.
Package xcolor Info: Model `HTML' substituted by `rgb' on input line 1366.
Package xcolor Info: Model `Hsb' substituted by `hsb' on input line 1367.
Package xcolor Info: Model `tHsb' substituted by `hsb' on input line 1368.
Package xcolor Info: Model `HSB' substituted by `hsb' on input line 1369.
Package xcolor Info: Model `Gray' substituted by `gray' on input line 1370.
Package xcolor Info: Model `wave' substituted by `hsb' on input line 1371.
)
(/usr/share/texlive/texmf-dist/tex/latex/pdfpages/pdfpages.sty
Package: pdfpages 2020/01/28 v0.5q Insert pages of external PDF documents (AM)

(/usr/share/texlive/texmf-dist/tex/latex/base/ifthen.sty
Package: ifthen 2014/09/29 v1.1c Standard LaTeX ifthen package (DPC)
)
(/usr/share/texlive/texmf-dist/tex/latex/tools/calc.sty
Package: calc 2017/05/25 v4.3 Infix arithmetic (KKT,FJ)
\calc@Acount=\count195
\calc@Bcount=\count196
\calc@Adimen=\dimen150
\calc@Bdimen=\dimen151
\calc@Askip=\skip52
\calc@Bskip=\skip53
LaTeX Info: Redefining \setlength on input line 80.
LaTeX Info: Redefining \addtolength on input line 81.
\calc@Ccount=\count197
\calc@Cskip=\skip54
)
(/usr/share/texlive/texmf-dist/tex/latex/eso-pic/eso-pic.sty
Package: eso-pic 2018/04/12 v2.0h eso-pic (RN)

(/usr/share/texlive/texmf-dist/tex/generic/atbegshi/atbegshi.sty
Package: atbegshi 2019/12/05 v1.19 At begin shipout hook (HO)

(/usr/share/texlive/texmf-dist/tex/generic/infwarerr/infwarerr.sty
Package: infwarerr 2019/12/03 v1.5 Providing info/warning/error messages (HO)
)
(/usr/share/texlive/texmf-dist/tex/generic/ltxcmds/ltxcmds.sty
Package: ltxcmds 2019/12/15 v1.24 LaTeX kernel commands for general use (HO)
)
(/usr/share/texlive/texmf-dist/tex/generic/iftex/iftex.sty
Package: iftex 2019/11/07 v1.0c TeX engine tests
)))
\AM@pagewidth=\dimen152
\AM@pageheight=\dimen153

(/usr/share/texlive/texmf-dist/tex/latex/pdfpages/pppdftex.def
File: pppdftex.def 2020/01/28 v0.5q Pdfpages driver for pdfTeX (AM)
)
\AM@pagebox=\box49
\AM@global@opts=\toks23
\AM@pagecnt=\count198
\AM@toc@title=\toks24
\c@AM@survey=\count199
\AM@templatesizebox=\box50
)
(/usr/share/texlive/texmf-dist/tex/latex/listings/lstlang1.sty
File: lstlang1.sty 2019/09/10 1.8c listings language file
)
(/usr/share/texlive/texmf-dist/tex/latex/listings/lstlang1.sty
File: lstlang1.sty 2019/09/10 1.8c listings language file
)
(/usr/share/texlive/texmf-dist/tex/latex/listings/lstmisc.sty
File: lstmisc.sty 2019/09/10 1.8c (Carsten Heinz)
)
(/usr/share/texlive/texmf-dist/tex/latex/l3backend/l3backend-pdfmode.def
File: l3backend-pdfmode.def 2020-02-03 L3 backend support: PDF mode
\l__kernel_color_stack_int=\count266
\l__pdf_internal_box=\box51
)
(./GPU_projekt.aux

LaTeX Warning: Label `manuel' multiply defined.


LaTeX Warning: Label `manuel' multiply defined.

)
\openout1 = `GPU_projekt.aux'.

LaTeX Font Info:    Checking defaults for OML/cmm/m/it on input line 18.
LaTeX Font Info:    ... okay on input line 18.
LaTeX Font Info:    Checking defaults for OMS/cmsy/m/n on input line 18.
LaTeX Font Info:    ... okay on input line 18.
LaTeX Font Info:    Checking defaults for OT1/cmr/m/n on input line 18.
LaTeX Font Info:    ... okay on input line 18.
LaTeX Font Info:    Checking defaults for T1/cmr/m/n on input line 18.
LaTeX Font Info:    ... okay on input line 18.
LaTeX Font Info:    Checking defaults for TS1/cmr/m/n on input line 18.
LaTeX Font Info:    ... okay on input line 18.
LaTeX Font Info:    Checking defaults for OMX/cmex/m/n on input line 18.
LaTeX Font Info:    ... okay on input line 18.
LaTeX Font Info:    Checking defaults for U/cmr/m/n on input line 18.
LaTeX Font Info:    ... okay on input line 18.
 (/usr/share/texlive/texmf-dist/tex/context/base/mkii/supp-pdf.mkii
[Loading MPS to PDF converter (version 2006.09.02).]
\scratchcounter=\count267
\scratchdimen=\dimen154
\scratchbox=\box52
\nofMPsegments=\count268
\nofMParguments=\count269
\everyMPshowfont=\toks25
\MPscratchCnt=\count270
\MPscratchDim=\dimen155
\MPnumerator=\count271
\makeMPintoPDFobject=\count272
\everyMPtoPDFconversion=\toks26
) (/usr/share/texlive/texmf-dist/tex/latex/epstopdf-pkg/epstopdf-base.sty
Package: epstopdf-base 2020-01-24 v2.11 Base part for package epstopdf
Package epstopdf-base Info: Redefining graphics rule for `.eps' on input line 4
85.

(/usr/share/texlive/texmf-dist/tex/latex/latexconfig/epstopdf-sys.cfg
File: epstopdf-sys.cfg 2010/07/13 v1.3 Configuration of (r)epstopdf for TeX Liv
e
))
\c@lstlisting=\count273
\AtBeginShipoutBox=\box53

(/usr/share/texlive/texmf-dist/tex/latex/pdflscape/pdflscape.sty
Package: pdflscape 2019/12/05 v0.12 Display of landscape pages in PDF (HO)

(/usr/share/texlive/texmf-dist/tex/latex/graphics/lscape.sty
Package: lscape 2000/10/22 v3.01 Landscape Pages (DPC)
)
Package pdflscape Info: Auto-detected driver: pdftex on input line 81.
) [1

{/var/lib/texmf/fonts/map/pdftex/updmap/pdftex.map}] (./GPU_projekt.toc
LaTeX Font Info:    Trying to load font information for U+msa on input line 3.

(/usr/share/texlive/texmf-dist/tex/latex/amsfonts/umsa.fd
File: umsa.fd 2013/01/14 v3.01 AMS symbols A
)
LaTeX Font Info:    Trying to load font information for U+msb on input line 3.

(/usr/share/texlive/texmf-dist/tex/latex/amsfonts/umsb.fd
File: umsb.fd 2013/01/14 v3.01 AMS symbols B
))
\tf@toc=\write3
\openout3 = `GPU_projekt.toc'.

 [2]
Overfull \hbox (10.38544pt too wide) in paragraph at lines 61--73
\T1/cmr/m/n/10 blöcke in gle-icher Rei-hen-folge in buff un-tere-inan-der, die 
Ergeb-nisse der nebeneinan-
 []

[3] [4]
Overfull \hbox (118.99086pt too wide) in paragraph at lines 80--81
[][][][][][][][][][][] 
 []


Overfull \hbox (2.02637pt too wide) in paragraph at lines 87--90
\T1/cmr/m/n/10 Neben den An-deren Gröÿen muss natür-lich nun auch die Gröÿe num
-BlocksPerSm
 []

[5]
Overfull \hbox (113.89206pt too wide) in paragraph at lines 105--106
[][][][][][][][][][][][][][][][][][][][][][][][][][][] 
 []


Overfull \hbox (57.80525pt too wide) in paragraph at lines 110--111
[][][][][][][][][][][][][][][][][][][] 
 []


Overfull \hbox (11.91605pt too wide) in paragraph at lines 111--112
[][][][][][][][][][][][][][][][][][] 
 []


Overfull \hbox (6.46973pt too wide) in paragraph at lines 116--118
\T1/cmr/m/n/10 Die ur-sprünglicher Idee war über eine ein-fache Ad-di-tion die 
ver-schiede-nen Thread-
 []

[6]
Overfull \hbox (6.58704pt too wide) in paragraph at lines 129--135
 [][] 
 []


Underfull \hbox (badness 10000) in paragraph at lines 145--146

 []


Overfull \hbox (6.24756pt too wide) in paragraph at lines 147--148
\T1/cmr/m/n/10 Die Meth-ode mit in-tra-grids zeigt eine et-was bessere, aber no
ch nicht viel schnellere
 []


Underfull \hbox (badness 10000) in paragraph at lines 147--148

 []

[7]
<../Diagramme/allshared_changei.pdf, id=44, page=8, 505.89pt x 505.89pt>
File: ../Diagramme/allshared_changei.pdf Graphic file (type pdf)
<use ../Diagramme/allshared_changei.pdf, page 8>
Package pdftex.def Info: ../Diagramme/allshared_changei.pdf , page8 used on inp
ut line 163.
(pdftex.def)             Requested size: 404.71254pt x 404.71254pt.

Overfull \hbox (59.71254pt too wide) in paragraph at lines 163--164
[][] 
 []

<../Diagramme/allshared_changei.pdf, id=45, page=2, 505.89pt x 505.89pt>
File: ../Diagramme/allshared_changei.pdf Graphic file (type pdf)
<use ../Diagramme/allshared_changei.pdf, page 2>
Package pdftex.def Info: ../Diagramme/allshared_changei.pdf , page2 used on inp
ut line 170.
(pdftex.def)             Requested size: 404.71254pt x 404.71254pt.

Overfull \hbox (59.71254pt too wide) in paragraph at lines 170--171
[][] 
 []

<../Diagramme/allshared_changei.pdf, id=46, page=5, 505.89pt x 505.89pt>
File: ../Diagramme/allshared_changei.pdf Graphic file (type pdf)
<use ../Diagramme/allshared_changei.pdf, page 5>
Package pdftex.def Info: ../Diagramme/allshared_changei.pdf , page5 used on inp
ut line 177.
(pdftex.def)             Requested size: 404.71254pt x 404.71254pt.

Overfull \hbox (59.71254pt too wide) in paragraph at lines 177--178
[][] 
 []

<../Diagramme/sharedatomic_chagei.pdf, id=47, page=8, 505.89pt x 505.89pt>
File: ../Diagramme/sharedatomic_chagei.pdf Graphic file (type pdf)
<use ../Diagramme/sharedatomic_chagei.pdf, page 8>
Package pdftex.def Info: ../Diagramme/sharedatomic_chagei.pdf , page8 used on i
nput line 185.
(pdftex.def)             Requested size: 404.71254pt x 404.71254pt.

Overfull \hbox (59.71254pt too wide) in paragraph at lines 185--186
[][] 
 []

<../Diagramme/sharedatomic_chagei.pdf, id=48, page=2, 505.89pt x 505.89pt>
File: ../Diagramme/sharedatomic_chagei.pdf Graphic file (type pdf)
<use ../Diagramme/sharedatomic_chagei.pdf, page 2>
Package pdftex.def Info: ../Diagramme/sharedatomic_chagei.pdf , page2 used on i
nput line 192.
(pdftex.def)             Requested size: 404.71254pt x 404.71254pt.

Overfull \hbox (59.71254pt too wide) in paragraph at lines 192--193
[][] 
 []

<../Diagramme/sharedatomic_chagei.pdf, id=49, page=5, 505.89pt x 505.89pt>
File: ../Diagramme/sharedatomic_chagei.pdf Graphic file (type pdf)
<use ../Diagramme/sharedatomic_chagei.pdf, page 5>
Package pdftex.def Info: ../Diagramme/sharedatomic_chagei.pdf , page5 used on i
nput line 199.
(pdftex.def)             Requested size: 404.71254pt x 404.71254pt.

Overfull \hbox (59.71254pt too wide) in paragraph at lines 199--200
[][] 
 []

<../Diagramme/onlyatomic_changei.pdf, id=50, page=8, 505.89pt x 505.89pt>
File: ../Diagramme/onlyatomic_changei.pdf Graphic file (type pdf)
<use ../Diagramme/onlyatomic_changei.pdf, page 8>
Package pdftex.def Info: ../Diagramme/onlyatomic_changei.pdf , page8 used on in
put line 206.
(pdftex.def)             Requested size: 404.71254pt x 404.71254pt.

Overfull \hbox (59.71254pt too wide) in paragraph at lines 206--207
[][] 
 []

<../Diagramme/onlyatomic_changei.pdf, id=51, page=2, 505.89pt x 505.89pt>
File: ../Diagramme/onlyatomic_changei.pdf Graphic file (type pdf)
<use ../Diagramme/onlyatomic_changei.pdf, page 2>
Package pdftex.def Info: ../Diagramme/onlyatomic_changei.pdf , page2 used on in
put line 213.
(pdftex.def)             Requested size: 404.71254pt x 404.71254pt.

Overfull \hbox (59.71254pt too wide) in paragraph at lines 213--214
[][] 
 []

<../Diagramme/onlyatomic_changei.pdf, id=52, page=5, 505.89pt x 505.89pt>
File: ../Diagramme/onlyatomic_changei.pdf Graphic file (type pdf)
<use ../Diagramme/onlyatomic_changei.pdf, page 5>
Package pdftex.def Info: ../Diagramme/onlyatomic_changei.pdf , page5 used on in
put line 220.
(pdftex.def)             Requested size: 404.71254pt x 404.71254pt.

Overfull \hbox (59.71254pt too wide) in paragraph at lines 220--221
[][] 
 []

<../Diagramme/shuffle.pdf, id=53, page=2, 505.89pt x 505.89pt>
File: ../Diagramme/shuffle.pdf Graphic file (type pdf)
<use ../Diagramme/shuffle.pdf, page 2>
Package pdftex.def Info: ../Diagramme/shuffle.pdf , page2 used on input line 22
6.
(pdftex.def)             Requested size: 404.71254pt x 404.71254pt.

Overfull \hbox (59.71254pt too wide) in paragraph at lines 226--227
[][] 
 []

<../Diagramme/shuffle.pdf, id=54, page=1, 505.89pt x 505.89pt>
File: ../Diagramme/shuffle.pdf Graphic file (type pdf)
<use ../Diagramme/shuffle.pdf, page 1>
Package pdftex.def Info: ../Diagramme/shuffle.pdf , page1 used on input line 23
3.
(pdftex.def)             Requested size: 404.71254pt x 404.71254pt.

Overfull \hbox (59.71254pt too wide) in paragraph at lines 233--234
[][] 
 []


Overfull \hbox (18.24463pt too wide) in paragraph at lines 244--245
\T1/cmr/m/n/10 Bei der Ver-wen-dung des Ker-nel1 ist die P100 deut-lich schnell
er als die RTX2070super
 []

[8] [9 <../Diagramme/allshared_changei.pdf>] [10 <../Diagramme/allshared_change
i.pdf>] [11 <../Diagramme/allshared_changei.pdf>] [12 <../Diagramme/sharedatomi
c_chagei.pdf>] [13 <../Diagramme/sharedatomic_chagei.pdf>] [14 <../Diagramme/sh
aredatomic_chagei.pdf>] [15 <../Diagramme/onlyatomic_changei.pdf>] [16 <../Diag
ramme/onlyatomic_changei.pdf>] [17 <../Diagramme/onlyatomic_changei.pdf>]
[18 <../Diagramme/shuffle.pdf>] [19 <../Diagramme/shuffle.pdf>]
Overfull \hbox (11.91605pt too wide) in paragraph at lines 264--265
[][][][][][][][][][] 
 []


Overfull \hbox (1.71844pt too wide) in paragraph at lines 265--266
[][][][][][][][][][] 
 []

[20] [21] [22]
Underfull \hbox (badness 10000) in paragraph at lines 291--292
[] \T1/cmr/m/it/10 https://www.computerbase.de/2016-04/nvidia-tesla-p100-gp100-
als-
 []

[23] (./GPU_projekt.aux)

LaTeX Warning: There were multiply-defined labels.

 ) 
Here is how much of TeX's memory you used:
 5928 strings out of 483183
 79842 string characters out of 5966292
 508089 words of memory out of 5000000
 20859 multiletter control sequences out of 15000+600000
 545363 words of font info for 48 fonts, out of 8000000 for 9000
 14 hyphenation exceptions out of 8191
 37i,10n,60p,1534b,1126s stack positions out of 5000i,500n,10000p,200000b,80000s
 </home/daniel/.texlive2019/texmf-var/fonts/pk/ljfour/jknappen/ec/ecti1000.60
0pk> </home/daniel/.texlive2019/texmf-var/fonts/pk/ljfour/jknappen/ec/tcti0800.
600pk> </home/daniel/.texlive2019/texmf-var/fonts/pk/ljfour/jknappen/ec/ecti080
0.600pk> </home/daniel/.texlive2019/texmf-var/fonts/pk/ljfour/jknappen/ec/tcrm0
800.600pk> </home/daniel/.texlive2019/texmf-var/fonts/pk/ljfour/jknappen/ec/ecb
x0800.600pk> </home/daniel/.texlive2019/texmf-var/fonts/pk/ljfour/jknappen/ec/e
crm0800.600pk> </home/daniel/.texlive2019/texmf-var/fonts/pk/ljfour/jknappen/ec
/ecbx1200.600pk> </home/daniel/.texlive2019/texmf-var/fonts/pk/ljfour/jknappen/
ec/ecbx1000.600pk> </home/daniel/.texlive2019/texmf-var/fonts/pk/ljfour/jknappe
n/ec/ecbx1440.600pk> </home/daniel/.texlive2019/texmf-var/fonts/pk/ljfour/jknap
pen/ec/ecrm1000.600pk> </home/daniel/.texlive2019/texmf-var/fonts/pk/ljfour/jkn
appen/ec/ecrm1200.600pk> </home/daniel/.texlive2019/texmf-var/fonts/pk/ljfour/j
knappen/ec/ecbx1728.600pk></usr/share/texlive/texmf-dist/fonts/type1/public/ams
fonts/cm/cmex10.pfb></usr/share/texlive/texmf-dist/fonts/type1/public/amsfonts/
cm/cmmi10.pfb></usr/share/texlive/texmf-dist/fonts/type1/public/amsfonts/cm/cmm
i7.pfb></usr/share/texlive/texmf-dist/fonts/type1/public/amsfonts/cm/cmr10.pfb>
</usr/share/texlive/texmf-dist/fonts/type1/public/amsfonts/cm/cmr7.pfb></usr/sh
are/texlive/texmf-dist/fonts/type1/public/amsfonts/cm/cmsy10.pfb></usr/share/te
xlive/texmf-dist/fonts/type1/public/amsfonts/cm/cmsy7.pfb></usr/share/texlive/t
exmf-dist/fonts/type1/public/amsfonts/symbols/msbm10.pfb>
Output written on GPU_projekt.pdf (23 pages, 236150 bytes).
PDF statistics:
 570 PDF objects out of 1000 (max. 8388607)
 144 compressed objects within 2 object streams
 0 named destinations out of 1000 (max. 500000)
 56 words of extra memory for PDF output out of 10000 (max. 10000000)

